<?xml version="1.0" encoding="UTF-8"?>
<!-- Generated by org.testng.reporters.JUnitReportReporter -->
<testsuite hostname="enclaveit" name="sampleCode.TestNGParameter" tests="1" failures="0" timestamp="20 Jan 2016 10:32:07 GMT" time="23.479" errors="0">
  <testcase name="testNGParameter" time="23.479" classname="sampleCode.TestNGParameter"/>
</testsuite> <!-- sampleCode.TestNGParameter -->
