<?xml version="1.0" encoding="UTF-8"?>
<!-- Generated by org.testng.reporters.JUnitReportReporter -->
<testsuite hostname="enclaveit" name="sampleCode.UploadFile" tests="2" failures="0" timestamp="18 Jan 2016 09:03:44 GMT" time="29.513" errors="0">
  <testcase name="loginValid" time="21.149" classname="sampleCode.UploadFile"/>
  <testcase name="singleUpload" time="8.364" classname="sampleCode.UploadFile"/>
</testsuite> <!-- sampleCode.UploadFile -->
