<?xml version="1.0" encoding="UTF-8"?>
<!-- Generated by org.testng.reporters.JUnitReportReporter -->
<testsuite hostname="enclaveit" name="sampleCode.LoggingDemo" tests="1" failures="0" timestamp="25 Jan 2016 02:06:42 GMT" time="2.838" errors="0">
  <testcase name="testLog" time="2.838" classname="sampleCode.LoggingDemo"/>
</testsuite> <!-- sampleCode.LoggingDemo -->
