<?xml version="1.0" encoding="UTF-8"?>
<!-- Generated by org.testng.reporters.JUnitReportReporter -->
<testsuite hostname="enclaveit" name="sampleCode.WriteTestCaseResultToExcel" tests="2" failures="0" timestamp="26 Jan 2016 05:01:14 GMT" time="22.451" errors="0">
  <testcase name="openSite" time="10.636" classname="sampleCode.WriteTestCaseResultToExcel"/>
  <testcase name="loginValid" time="11.815" classname="sampleCode.WriteTestCaseResultToExcel"/>
</testsuite> <!-- sampleCode.WriteTestCaseResultToExcel -->
