<?xml version="1.0" encoding="UTF-8"?>
<!-- Generated by org.testng.reporters.JUnitReportReporter -->
<testsuite hostname="enclaveit" name="sampleCode.CrossBrowser" tests="2" failures="0" timestamp="21 Jan 2016 02:29:23 GMT" time="35.233" errors="0">
  <testcase name="crossBrowser" time="12.018" classname="sampleCode.CrossBrowser"/>
  <testcase name="crossBrowser" time="23.215" classname="sampleCode.CrossBrowser"/>
</testsuite> <!-- sampleCode.CrossBrowser -->
